<?xml version="1.0" encoding="UTF-8"?>
<testsuite xmlns:xsi="http://www.w3.org/2001/XMLSchema-instance" xsi:noNamespaceSchemaLocation="https://maven.apache.org/surefire/maven-surefire-plugin/xsd/surefire-test-report-3.0.xsd" version="3.0" name="com.users.boundary.UsersResourceITest" time="30.334" tests="4" errors="0" skipped="0" failures="0">
  <properties>
[...]
</properties>
  <testcase name="testAddUser" classname="com.users.boundary.UsersResourceITest" time="0.056"/>
  <testcase name="testGetAllUsers" classname="com.users.boundary.UsersResourceITest" time="0.024"/>
  <testcase name="testUpdateUser" classname="com.users.boundary.UsersResourceITest" time="0.018"/>
  <testcase name="testGetOneUser" classname="com.users.boundary.UsersResourceITest" time="0.012"/>
</testsuite>